[    1658ms] [ERROR] Failed to load resource: the server responded with a status of 404 (Not Found) @ https://tharwah.qa/media/newspapers.png:0
[    1659ms] [ERROR] Failed to load resource: the server responded with a status of 404 (Not Found) @ https://tharwah.qa/media/glass_bottles.png:0
[    1668ms] [ERROR] Failed to load resource: the server responded with a status of 404 (Not Found) @ https://tharwah.qa/media/cardboard.png:0
[    1668ms] [ERROR] Failed to load resource: the server responded with a status of 404 (Not Found) @ https://tharwah.qa/media/plastic_containers.png:0
[    1743ms] [ERROR] Failed to load resource: the server responded with a status of 404 (Not Found) @ https://tharwah.qa/media/glass_jars.png:0
[    1816ms] [ERROR] Failed to load resource: the server responded with a status of 404 (Not Found) @ https://tharwah.qa/media/aluminum_cans.png:0
[    1833ms] [ERROR] Failed to load resource: the server responded with a status of 404 (Not Found) @ https://tharwah.qa/media/mobile_phones.png:0
[    1834ms] [ERROR] Failed to load resource: the server responded with a status of 404 (Not Found) @ https://tharwah.qa/media/computers.png:0
[    1946ms] [ERROR] Failed to load resource: the server responded with a status of 404 (Not Found) @ https://tharwah.qa/media/food_waste.png:0
[    1975ms] [ERROR] Failed to load resource: the server responded with a status of 404 (Not Found) @ https://tharwah.qa/media/garden_waste.png:0
[    2037ms] [ERROR] Failed to load resource: the server responded with a status of 404 (Not Found) @ https://tharwah.qa/media/old_clothes.png:0
[    2037ms] [ERROR] Failed to load resource: the server responded with a status of 404 (Not Found) @ https://tharwah.qa/media/fabric_scraps.png:0
[  735217ms] [ERROR] Failed to load resource: the server responded with a status of 404 (Not Found) @ https://tharwah.qa/media/newspapers.png:0
[  735218ms] [ERROR] Failed to load resource: the server responded with a status of 404 (Not Found) @ https://tharwah.qa/media/plastic_containers.png:0
[  736227ms] [ERROR] Failed to load resource: the server responded with a status of 404 (Not Found) @ https://tharwah.qa/media/glass_bottles.png:0
[  736228ms] [ERROR] Failed to load resource: the server responded with a status of 404 (Not Found) @ https://tharwah.qa/media/glass_jars.png:0
[  736228ms] [ERROR] Failed to load resource: the server responded with a status of 404 (Not Found) @ https://tharwah.qa/media/computers.png:0
[  736228ms] [ERROR] Failed to load resource: the server responded with a status of 404 (Not Found) @ https://tharwah.qa/media/cardboard.png:0
[  736228ms] [ERROR] Failed to load resource: the server responded with a status of 404 (Not Found) @ https://tharwah.qa/media/aluminum_cans.png:0
[  736229ms] [ERROR] Failed to load resource: the server responded with a status of 404 (Not Found) @ https://tharwah.qa/media/mobile_phones.png:0
[  736229ms] [ERROR] Failed to load resource: the server responded with a status of 404 (Not Found) @ https://tharwah.qa/media/food_waste.png:0
[  736229ms] [ERROR] Failed to load resource: the server responded with a status of 404 (Not Found) @ https://tharwah.qa/media/garden_waste.png:0
[  736230ms] [ERROR] Failed to load resource: the server responded with a status of 404 (Not Found) @ https://tharwah.qa/media/old_clothes.png:0
[  736230ms] [ERROR] Failed to load resource: the server responded with a status of 404 (Not Found) @ https://tharwah.qa/media/fabric_scraps.png:0
[  769843ms] [ERROR] Failed to load resource: the server responded with a status of 404 (Not Found) @ https://tharwah.qa/media/plastic_containers.png:0
[  769853ms] [ERROR] Failed to load resource: the server responded with a status of 404 (Not Found) @ https://tharwah.qa/media/newspapers.png:0
[  770388ms] [ERROR] Failed to load resource: the server responded with a status of 404 (Not Found) @ https://tharwah.qa/media/glass_bottles.png:0
[  770388ms] [ERROR] Failed to load resource: the server responded with a status of 404 (Not Found) @ https://tharwah.qa/media/aluminum_cans.png:0
[  770395ms] [ERROR] Failed to load resource: the server responded with a status of 404 (Not Found) @ https://tharwah.qa/media/cardboard.png:0
[  770396ms] [ERROR] Failed to load resource: the server responded with a status of 404 (Not Found) @ https://tharwah.qa/media/glass_jars.png:0
[  770400ms] [ERROR] Failed to load resource: the server responded with a status of 404 (Not Found) @ https://tharwah.qa/media/computers.png:0
[  770401ms] [ERROR] Failed to load resource: the server responded with a status of 404 (Not Found) @ https://tharwah.qa/media/mobile_phones.png:0
[  770544ms] [ERROR] Failed to load resource: the server responded with a status of 404 (Not Found) @ https://tharwah.qa/media/garden_waste.png:0
[  770545ms] [ERROR] Failed to load resource: the server responded with a status of 404 (Not Found) @ https://tharwah.qa/media/food_waste.png:0
[  770558ms] [ERROR] Failed to load resource: the server responded with a status of 404 (Not Found) @ https://tharwah.qa/media/old_clothes.png:0
[  770561ms] [ERROR] Failed to load resource: the server responded with a status of 404 (Not Found) @ https://tharwah.qa/media/fabric_scraps.png:0
[ 1460461ms] [ERROR] Failed to load resource: the server responded with a status of 404 (Not Found) @ https://tharwah.qa/media/newspapers.png:0
[ 1460465ms] [ERROR] Failed to load resource: the server responded with a status of 404 (Not Found) @ https://tharwah.qa/media/plastic_containers.png:0
[ 1460646ms] [ERROR] Failed to load resource: the server responded with a status of 404 (Not Found) @ https://tharwah.qa/media/aluminum_cans.png:0
[ 1460647ms] [ERROR] Failed to load resource: the server responded with a status of 404 (Not Found) @ https://tharwah.qa/media/glass_jars.png:0
[ 1460651ms] [ERROR] Failed to load resource: the server responded with a status of 404 (Not Found) @ https://tharwah.qa/media/cardboard.png:0
[ 1460653ms] [ERROR] Failed to load resource: the server responded with a status of 404 (Not Found) @ https://tharwah.qa/media/mobile_phones.png:0
[ 1460654ms] [ERROR] Failed to load resource: the server responded with a status of 404 (Not Found) @ https://tharwah.qa/media/computers.png:0
[ 1460655ms] [ERROR] Failed to load resource: the server responded with a status of 404 (Not Found) @ https://tharwah.qa/media/glass_bottles.png:0
[ 1460805ms] [ERROR] Failed to load resource: the server responded with a status of 404 (Not Found) @ https://tharwah.qa/media/food_waste.png:0
[ 1460806ms] [ERROR] Failed to load resource: the server responded with a status of 404 (Not Found) @ https://tharwah.qa/media/garden_waste.png:0
[ 1460815ms] [ERROR] Failed to load resource: the server responded with a status of 404 (Not Found) @ https://tharwah.qa/media/old_clothes.png:0
[ 1460817ms] [ERROR] Failed to load resource: the server responded with a status of 404 (Not Found) @ https://tharwah.qa/media/fabric_scraps.png:0
[ 3492706ms] [ERROR] Failed to load resource: the server responded with a status of 404 (Not Found) @ https://tharwah.qa/media/newspapers.png:0
[ 3492706ms] [ERROR] Failed to load resource: the server responded with a status of 404 (Not Found) @ https://tharwah.qa/media/plastic_containers.png:0
[ 3492806ms] [ERROR] Failed to load resource: the server responded with a status of 404 (Not Found) @ https://tharwah.qa/media/cardboard.png:0
[ 3492815ms] [ERROR] Failed to load resource: the server responded with a status of 404 (Not Found) @ https://tharwah.qa/media/glass_bottles.png:0
[ 3492819ms] [ERROR] Failed to load resource: the server responded with a status of 404 (Not Found) @ https://tharwah.qa/media/aluminum_cans.png:0
[ 3492820ms] [ERROR] Failed to load resource: the server responded with a status of 404 (Not Found) @ https://tharwah.qa/media/glass_jars.png:0
[ 3492869ms] [ERROR] Failed to load resource: the server responded with a status of 404 (Not Found) @ https://tharwah.qa/media/computers.png:0
[ 3492870ms] [ERROR] Failed to load resource: the server responded with a status of 404 (Not Found) @ https://tharwah.qa/media/mobile_phones.png:0
[ 3492961ms] [ERROR] Failed to load resource: the server responded with a status of 404 (Not Found) @ https://tharwah.qa/media/food_waste.png:0
[ 3492975ms] [ERROR] Failed to load resource: the server responded with a status of 404 (Not Found) @ https://tharwah.qa/media/garden_waste.png:0
[ 3492985ms] [ERROR] Failed to load resource: the server responded with a status of 404 (Not Found) @ https://tharwah.qa/media/old_clothes.png:0
[ 3492987ms] [ERROR] Failed to load resource: the server responded with a status of 404 (Not Found) @ https://tharwah.qa/media/fabric_scraps.png:0
